
Изменена - заявка c id=:9 сотрудником - {2     }


Изменена - заявка c id=:9 сотрудником - 2


Добавлена - заявка c id=:21 на сотрудника - 2


Добавлена - заявка c id=:22 на сотрудника - 2


Добавлена - заявка c id=:23 на сотрудника - 2


Изменена - заявка c id=:18 сотрудником - 2


Изменена - заявка c id=:22 сотрудником - 2


Изменена - заявка c id=:22 сотрудником - 2


Изменена - заявка c id=:22 сотрудником - 2


Изменена - заявка c id=:22 сотрудником - 2


Изменена - заявка c id=:22 сотрудником - 2


Изменена - заявка c id=:23 сотрудником - 2


Изменена - заявка c id=:9 сотрудником - 2


Изменена - заявка c id=:18 сотрудником - 2


Добавлен - клиент c id=:824637661504


Добавлен - клиент c id=:824636121088


Добавлен - клиент c id=:824634835904


Обновлен - клиент c id=:824636179072


Обновлен - клиент c id=:824637024608


Обновлен - клиент c id=:824636499520


Обновлен - клиент c id=:824636502080


Обновлен - клиент c id=:824636376160


Обновлен - клиент c id=:824639579072


Обновлен - клиент c id=:824635744896


Добавлен - контракт c id=:824635729888


Изменен - контракт c id=:824635891712


Изменен - контракт c id=:824637827904


Изменен - контракт c id=:824638686048


Изменен - контракт c id=:824638465728


Изменен - контракт c id=:824634417152


Изменен - контракт c id=:824634925920


Изменен - контракт c id=:824634930816


Изменен - контракт c id=:824636753600


Изменен - контракт c id=:824637051680


Изменен - контракт c id=:824634551104


Изменен - контракт c id=:824636205312


Изменен - контракт c id=:824634545792


Добавлен - объект c id=:824638480608


Добавлен - объект c id=:824637317344


Добавлен - объект c id=:7


Добавлен - объект c id=:824634721152


Добавлено - оборудование c id=:824636917888


Добавлено - оборудование c id=:824635113728


Добавлено - оборудование c id=:824634468736


Добавлено - оборудование c id=:824636269696


Обновлено - оборудование c id=:824635113984


Обновлено - оборудование c id=:824637526400


Обновлено - оборудование c id=:824637745408


Обновлено - оборудование c id=:824638683904


Обновлено - оборудование c id=:824635117568


Добавлен - пользователь c id=:824633963104


Добавлена - роль c id=:%!d(string=Admin)


Добавлен - пользователь c id=:824636975456


Обновлен - пользователь c id=:824636299648


Добавлена - услуга c id=:824635564192


Добавлена - услуга c id=:824635565312


Изменена - услуга c id=:824634459072


Изменена - услуга c id=:824634458432

Добавлен - клиент c id=18


Добавлена - заявка c id=24 на сотрудника - 6 / 13:13 2024-02-13

